mode: set
github.com/cire-ly/block-storage-api/api/handlers.go:68.52,79.2 1 1
github.com/cire-ly/block-storage-api/api/handlers.go:81.58,85.2 3 1
github.com/cire-ly/block-storage-api/api/handlers.go:87.62,89.2 1 1
github.com/cire-ly/block-storage-api/api/handlers.go:91.55,92.41 1 1
github.com/cire-ly/block-storage-api/api/handlers.go:92.41,95.3 2 0
github.com/cire-ly/block-storage-api/api/handlers.go:98.60,99.22 1 1
github.com/cire-ly/block-storage-api/api/handlers.go:99.22,101.3 1 1
github.com/cire-ly/block-storage-api/api/handlers.go:107.72,113.61 5 1
github.com/cire-ly/block-storage-api/api/handlers.go:113.61,116.3 2 1
github.com/cire-ly/block-storage-api/api/handlers.go:117.2,117.20 1 1
github.com/cire-ly/block-storage-api/api/handlers.go:117.20,120.3 2 1
github.com/cire-ly/block-storage-api/api/handlers.go:121.2,121.21 1 1
github.com/cire-ly/block-storage-api/api/handlers.go:121.21,124.3 2 1
github.com/cire-ly/block-storage-api/api/handlers.go:126.2,127.16 2 1
github.com/cire-ly/block-storage-api/api/handlers.go:127.16,129.43 2 1
github.com/cire-ly/block-storage-api/api/handlers.go:129.43,131.4 1 1
github.com/cire-ly/block-storage-api/api/handlers.go:131.9,131.49 1 0
github.com/cire-ly/block-storage-api/api/handlers.go:131.49,133.4 1 0
github.com/cire-ly/block-storage-api/api/handlers.go:134.3,135.9 2 1
github.com/cire-ly/block-storage-api/api/handlers.go:138.2,138.51 1 1
github.com/cire-ly/block-storage-api/api/handlers.go:142.71,149.16 6 1
github.com/cire-ly/block-storage-api/api/handlers.go:149.16,152.3 2 0
github.com/cire-ly/block-storage-api/api/handlers.go:154.2,155.28 2 1
github.com/cire-ly/block-storage-api/api/handlers.go:155.28,157.3 1 1
github.com/cire-ly/block-storage-api/api/handlers.go:158.2,158.35 1 1
github.com/cire-ly/block-storage-api/api/handlers.go:162.69,170.16 7 1
github.com/cire-ly/block-storage-api/api/handlers.go:170.16,172.45 2 1
github.com/cire-ly/block-storage-api/api/handlers.go:172.45,174.4 1 1
github.com/cire-ly/block-storage-api/api/handlers.go:175.3,176.9 2 1
github.com/cire-ly/block-storage-api/api/handlers.go:178.2,178.46 1 0
github.com/cire-ly/block-storage-api/api/handlers.go:182.72,190.61 6 1
github.com/cire-ly/block-storage-api/api/handlers.go:190.61,193.3 2 0
github.com/cire-ly/block-storage-api/api/handlers.go:194.2,194.22 1 1
github.com/cire-ly/block-storage-api/api/handlers.go:194.22,197.3 2 0
github.com/cire-ly/block-storage-api/api/handlers.go:199.2,199.70 1 1
github.com/cire-ly/block-storage-api/api/handlers.go:199.70,201.45 2 0
github.com/cire-ly/block-storage-api/api/handlers.go:201.45,203.4 1 0
github.com/cire-ly/block-storage-api/api/handlers.go:203.9,203.55 1 0
github.com/cire-ly/block-storage-api/api/handlers.go:203.55,205.4 1 0
github.com/cire-ly/block-storage-api/api/handlers.go:206.3,207.9 2 0
github.com/cire-ly/block-storage-api/api/handlers.go:210.2,211.46 2 1
github.com/cire-ly/block-storage-api/api/handlers.go:215.72,222.58 5 1
github.com/cire-ly/block-storage-api/api/handlers.go:222.58,224.45 2 0
github.com/cire-ly/block-storage-api/api/handlers.go:224.45,226.4 1 0
github.com/cire-ly/block-storage-api/api/handlers.go:226.9,226.55 1 0
github.com/cire-ly/block-storage-api/api/handlers.go:226.55,228.4 1 0
github.com/cire-ly/block-storage-api/api/handlers.go:229.3,230.9 2 0
github.com/cire-ly/block-storage-api/api/handlers.go:233.2,234.46 2 1
github.com/cire-ly/block-storage-api/api/handlers.go:238.72,245.58 5 1
github.com/cire-ly/block-storage-api/api/handlers.go:245.58,247.45 2 1
github.com/cire-ly/block-storage-api/api/handlers.go:247.45,249.4 1 0
github.com/cire-ly/block-storage-api/api/handlers.go:249.9,249.55 1 1
github.com/cire-ly/block-storage-api/api/handlers.go:249.55,251.4 1 1
github.com/cire-ly/block-storage-api/api/handlers.go:252.3,253.9 2 1
github.com/cire-ly/block-storage-api/api/handlers.go:255.2,255.37 1 1
github.com/cire-ly/block-storage-api/api/handlers.go:259.67,266.41 5 1
github.com/cire-ly/block-storage-api/api/handlers.go:266.41,267.52 1 1
github.com/cire-ly/block-storage-api/api/handlers.go:267.52,270.4 2 0
github.com/cire-ly/block-storage-api/api/handlers.go:273.2,278.4 1 1
github.com/cire-ly/block-storage-api/api/middleware.go:18.70,20.2 1 1
github.com/cire-ly/block-storage-api/api/middleware.go:23.54,24.57 1 0
github.com/cire-ly/block-storage-api/api/middleware.go:24.57,26.3 1 0
github.com/cire-ly/block-storage-api/api/middleware.go:27.2,27.23 1 0
github.com/cire-ly/block-storage-api/api/middleware.go:32.71,33.46 1 1
github.com/cire-ly/block-storage-api/api/middleware.go:33.46,34.72 1 1
github.com/cire-ly/block-storage-api/api/middleware.go:34.72,41.20 5 1
github.com/cire-ly/block-storage-api/api/middleware.go:41.20,43.5 1 0
github.com/cire-ly/block-storage-api/api/middleware.go:44.4,55.5 5 1
github.com/cire-ly/block-storage-api/api/middleware.go:61.48,62.71 1 1
github.com/cire-ly/block-storage-api/api/middleware.go:62.71,63.16 1 1
github.com/cire-ly/block-storage-api/api/middleware.go:63.16,64.36 1 1
github.com/cire-ly/block-storage-api/api/middleware.go:64.36,70.5 2 0
github.com/cire-ly/block-storage-api/api/middleware.go:72.3,72.23 1 1
github.com/cire-ly/block-storage-api/api/middleware.go:82.49,85.2 2 1
github.com/cire-ly/block-storage-api/api/router.go:16.118,24.18 2 1
github.com/cire-ly/block-storage-api/api/router.go:24.18,29.17 3 1
github.com/cire-ly/block-storage-api/api/router.go:29.17,31.4 1 0
github.com/cire-ly/block-storage-api/api/router.go:34.2,40.45 2 1
github.com/cire-ly/block-storage-api/api/router.go:40.45,42.3 1 1
github.com/cire-ly/block-storage-api/api/router.go:43.2,48.40 4 1
github.com/cire-ly/block-storage-api/api/router.go:48.40,55.3 6 1
github.com/cire-ly/block-storage-api/api/router.go:57.2,57.10 1 1
github.com/cire-ly/block-storage-api/fsm/volume.go:45.49,61.2 1 1
github.com/cire-ly/block-storage-api/fsm/volume.go:64.53,66.2 1 1
github.com/cire-ly/block-storage-api/fsm/volume.go:69.82,71.44 2 1
github.com/cire-ly/block-storage-api/fsm/volume.go:71.44,73.3 1 1
github.com/cire-ly/block-storage-api/fsm/volume.go:74.2,74.25 1 1
github.com/cire-ly/block-storage-api/db/migrate.go:13.46,15.16 2 0
github.com/cire-ly/block-storage-api/db/migrate.go:15.16,17.3 1 0
github.com/cire-ly/block-storage-api/db/migrate.go:18.2,20.71 2 0
github.com/cire-ly/block-storage-api/db/migrate.go:20.71,22.3 1 0
github.com/cire-ly/block-storage-api/db/migrate.go:23.2,23.12 1 0
github.com/cire-ly/block-storage-api/db/postgres.go:19.34,21.2 1 0
github.com/cire-ly/block-storage-api/db/postgres.go:24.78,26.16 2 0
github.com/cire-ly/block-storage-api/db/postgres.go:26.16,28.3 1 0
github.com/cire-ly/block-storage-api/db/postgres.go:29.2,29.39 1 0
github.com/cire-ly/block-storage-api/db/postgres.go:29.39,32.3 2 0
github.com/cire-ly/block-storage-api/db/postgres.go:33.2,33.18 1 0
github.com/cire-ly/block-storage-api/db/postgres.go:36.73,41.16 2 0
github.com/cire-ly/block-storage-api/db/postgres.go:41.16,43.3 1 0
github.com/cire-ly/block-storage-api/db/postgres.go:44.2,44.12 1 0
github.com/cire-ly/block-storage-api/db/postgres.go:47.81,54.16 4 0
github.com/cire-ly/block-storage-api/db/postgres.go:54.16,56.3 1 0
github.com/cire-ly/block-storage-api/db/postgres.go:57.2,58.15 2 0
github.com/cire-ly/block-storage-api/db/postgres.go:61.89,68.16 4 0
github.com/cire-ly/block-storage-api/db/postgres.go:68.16,70.3 1 0
github.com/cire-ly/block-storage-api/db/postgres.go:71.2,72.15 2 0
github.com/cire-ly/block-storage-api/db/postgres.go:75.74,80.16 2 0
github.com/cire-ly/block-storage-api/db/postgres.go:80.16,82.3 1 0
github.com/cire-ly/block-storage-api/db/postgres.go:83.2,86.18 3 0
github.com/cire-ly/block-storage-api/db/postgres.go:86.18,89.121 3 0
github.com/cire-ly/block-storage-api/db/postgres.go:89.121,91.4 1 0
github.com/cire-ly/block-storage-api/db/postgres.go:92.3,93.31 2 0
github.com/cire-ly/block-storage-api/db/postgres.go:95.2,95.28 1 0
github.com/cire-ly/block-storage-api/db/postgres.go:98.85,102.16 2 0
github.com/cire-ly/block-storage-api/db/postgres.go:102.16,104.3 1 0
github.com/cire-ly/block-storage-api/db/postgres.go:105.2,105.12 1 0
github.com/cire-ly/block-storage-api/db/postgres.go:108.65,110.16 2 0
github.com/cire-ly/block-storage-api/db/postgres.go:110.16,112.3 1 0
github.com/cire-ly/block-storage-api/db/postgres.go:113.2,113.12 1 0
github.com/cire-ly/block-storage-api/db/postgres.go:117.103,122.16 2 0
github.com/cire-ly/block-storage-api/db/postgres.go:122.16,124.3 1 0
github.com/cire-ly/block-storage-api/db/postgres.go:125.2,125.12 1 0
github.com/cire-ly/block-storage-api/config/config.go:28.30,30.16 2 0
github.com/cire-ly/block-storage-api/config/config.go:30.16,32.3 1 0
github.com/cire-ly/block-storage-api/config/config.go:34.2,48.39 2 0
github.com/cire-ly/block-storage-api/config/config.go:48.39,50.3 1 0
github.com/cire-ly/block-storage-api/config/config.go:52.2,52.17 1 0
github.com/cire-ly/block-storage-api/config/config.go:55.35,57.30 2 0
github.com/cire-ly/block-storage-api/config/config.go:57.30,59.3 1 0
github.com/cire-ly/block-storage-api/config/config.go:60.2,60.68 1 0
github.com/cire-ly/block-storage-api/config/config.go:60.68,62.3 1 0
github.com/cire-ly/block-storage-api/config/config.go:63.2,63.34 1 0
github.com/cire-ly/block-storage-api/config/config.go:63.34,65.3 1 0
github.com/cire-ly/block-storage-api/config/config.go:66.2,66.12 1 0
github.com/cire-ly/block-storage-api/config/config.go:69.44,70.34 1 0
github.com/cire-ly/block-storage-api/config/config.go:70.34,72.3 1 0
github.com/cire-ly/block-storage-api/config/config.go:73.2,73.19 1 0
github.com/cire-ly/block-storage-api/config/config.go:76.36,77.13 1 0
github.com/cire-ly/block-storage-api/config/config.go:77.13,79.3 1 0
github.com/cire-ly/block-storage-api/config/config.go:80.2,80.30 1 0
github.com/cire-ly/block-storage-api/cmd/api/main.go:11.13,13.35 2 0
github.com/cire-ly/block-storage-api/cmd/api/main.go:13.35,15.3 1 0
github.com/cire-ly/block-storage-api/cmd/api/main.go:17.2,21.12 3 0
github.com/cire-ly/block-storage-api/cmd/api/main.go:21.12,23.42 1 0
github.com/cire-ly/block-storage-api/cmd/api/main.go:23.42,25.4 1 0
github.com/cire-ly/block-storage-api/cmd/api/main.go:28.2,34.9 2 0
github.com/cire-ly/block-storage-api/cmd/api/main.go:35.20,36.45 1 0
github.com/cire-ly/block-storage-api/cmd/api/main.go:37.29,38.46 1 0
github.com/cire-ly/block-storage-api/cmd/api/main.go:41.2,41.18 1 0
github.com/cire-ly/block-storage-api/cmd/api/setup.go:55.44,68.26 3 0
github.com/cire-ly/block-storage-api/cmd/api/setup.go:68.26,70.32 2 0
github.com/cire-ly/block-storage-api/cmd/api/setup.go:70.32,72.4 1 0
github.com/cire-ly/block-storage-api/cmd/api/setup.go:73.3,73.34 1 0
github.com/cire-ly/block-storage-api/cmd/api/setup.go:75.2,75.12 1 0
github.com/cire-ly/block-storage-api/cmd/api/setup.go:79.53,83.53 3 0
github.com/cire-ly/block-storage-api/cmd/api/setup.go:83.53,84.43 1 0
github.com/cire-ly/block-storage-api/cmd/api/setup.go:84.43,86.4 1 0
github.com/cire-ly/block-storage-api/cmd/api/setup.go:89.2,89.19 1 0
github.com/cire-ly/block-storage-api/cmd/api/setup.go:89.19,92.3 2 0
github.com/cire-ly/block-storage-api/cmd/api/setup.go:93.2,93.12 1 0
github.com/cire-ly/block-storage-api/cmd/api/setup.go:98.50,100.16 2 0
github.com/cire-ly/block-storage-api/cmd/api/setup.go:100.16,102.3 1 0
github.com/cire-ly/block-storage-api/cmd/api/setup.go:103.2,104.12 2 0
github.com/cire-ly/block-storage-api/cmd/api/setup.go:107.50,109.36 2 0
github.com/cire-ly/block-storage-api/cmd/api/setup.go:109.36,111.3 1 0
github.com/cire-ly/block-storage-api/cmd/api/setup.go:112.2,114.12 3 0
github.com/cire-ly/block-storage-api/cmd/api/setup.go:117.57,125.16 3 0
github.com/cire-ly/block-storage-api/cmd/api/setup.go:125.16,127.3 1 0
github.com/cire-ly/block-storage-api/cmd/api/setup.go:128.2,133.16 5 0
github.com/cire-ly/block-storage-api/cmd/api/setup.go:133.16,135.3 1 0
github.com/cire-ly/block-storage-api/cmd/api/setup.go:136.2,140.12 4 0
github.com/cire-ly/block-storage-api/cmd/api/setup.go:143.52,144.33 1 0
github.com/cire-ly/block-storage-api/cmd/api/setup.go:144.33,147.3 2 0
github.com/cire-ly/block-storage-api/cmd/api/setup.go:149.2,153.16 4 0
github.com/cire-ly/block-storage-api/cmd/api/setup.go:153.16,155.3 1 0
github.com/cire-ly/block-storage-api/cmd/api/setup.go:156.2,158.12 3 0
github.com/cire-ly/block-storage-api/cmd/api/setup.go:161.54,162.22 1 0
github.com/cire-ly/block-storage-api/cmd/api/setup.go:162.22,164.3 1 0
github.com/cire-ly/block-storage-api/cmd/api/setup.go:165.2,165.48 1 0
github.com/cire-ly/block-storage-api/cmd/api/setup.go:168.51,171.34 2 0
github.com/cire-ly/block-storage-api/cmd/api/setup.go:172.16,173.48 1 0
github.com/cire-ly/block-storage-api/cmd/api/setup.go:174.16,175.48 1 0
github.com/cire-ly/block-storage-api/cmd/api/setup.go:176.10,177.46 1 0
github.com/cire-ly/block-storage-api/cmd/api/setup.go:180.2,182.12 3 0
github.com/cire-ly/block-storage-api/cmd/api/setup.go:185.48,203.2 4 0
github.com/cire-ly/block-storage-api/cmd/api/setup.go:209.53,212.2 2 0
github.com/cire-ly/block-storage-api/cmd/api/setup.go:216.55,218.2 1 0
github.com/cire-ly/block-storage-api/observability/metrics.go:20.59,22.2 1 0
github.com/cire-ly/block-storage-api/observability/metrics.go:25.88,29.16 2 0
github.com/cire-ly/block-storage-api/observability/metrics.go:29.16,31.3 1 0
github.com/cire-ly/block-storage-api/observability/metrics.go:33.2,34.16 2 0
github.com/cire-ly/block-storage-api/observability/metrics.go:34.16,36.3 1 0
github.com/cire-ly/block-storage-api/observability/metrics.go:38.2,44.32 3 0
github.com/cire-ly/block-storage-api/observability/metrics.go:48.38,50.2 1 0
github.com/cire-ly/block-storage-api/observability/tracing.go:22.60,24.2 1 0
github.com/cire-ly/block-storage-api/observability/tracing.go:28.120,32.16 2 0
github.com/cire-ly/block-storage-api/observability/tracing.go:32.16,34.3 1 0
github.com/cire-ly/block-storage-api/observability/tracing.go:36.2,37.22 2 0
github.com/cire-ly/block-storage-api/observability/tracing.go:38.16,43.17 2 0
github.com/cire-ly/block-storage-api/observability/tracing.go:43.17,45.4 1 0
github.com/cire-ly/block-storage-api/observability/tracing.go:46.10,48.17 2 0
github.com/cire-ly/block-storage-api/observability/tracing.go:48.17,50.4 1 0
github.com/cire-ly/block-storage-api/observability/tracing.go:53.2,64.33 4 0
github.com/cire-ly/block-storage-api/observability/tracing.go:68.39,70.2 1 0
github.com/cire-ly/block-storage-api/storage/lustre/lustre.go:26.45,31.2 1 0
github.com/cire-ly/block-storage-api/storage/lustre/lustre.go:33.107,36.34 3 0
github.com/cire-ly/block-storage-api/storage/lustre/lustre.go:36.34,38.3 1 0
github.com/cire-ly/block-storage-api/storage/lustre/lustre.go:39.2,46.15 4 0
github.com/cire-ly/block-storage-api/storage/lustre/lustre.go:49.76,52.35 3 0
github.com/cire-ly/block-storage-api/storage/lustre/lustre.go:52.35,54.3 1 0
github.com/cire-ly/block-storage-api/storage/lustre/lustre.go:55.2,56.12 2 0
github.com/cire-ly/block-storage-api/storage/lustre/lustre.go:59.83,63.30 4 0
github.com/cire-ly/block-storage-api/storage/lustre/lustre.go:63.30,66.3 2 0
github.com/cire-ly/block-storage-api/storage/lustre/lustre.go:67.2,67.17 1 0
github.com/cire-ly/block-storage-api/storage/lustre/lustre.go:70.92,74.9 4 0
github.com/cire-ly/block-storage-api/storage/lustre/lustre.go:74.9,76.3 1 0
github.com/cire-ly/block-storage-api/storage/lustre/lustre.go:77.2,78.17 2 0
github.com/cire-ly/block-storage-api/storage/lustre/lustre.go:81.83,83.2 1 0
github.com/cire-ly/block-storage-api/storage/lustre/lustre.go:85.73,87.2 1 0
github.com/cire-ly/block-storage-api/storage/lustre/lustre.go:89.62,89.76 1 0
github.com/cire-ly/block-storage-api/storage/lustre/lustre.go:90.62,90.81 1 0
github.com/cire-ly/block-storage-api/storage/lustre/lustre.go:91.62,91.86 1 0
github.com/cire-ly/block-storage-api/storage/lustre/lustre.go:92.62,92.76 1 0
github.com/cire-ly/block-storage-api/storage/nvmeof/nvmeof.go:26.45,31.2 1 0
github.com/cire-ly/block-storage-api/storage/nvmeof/nvmeof.go:33.107,36.34 3 0
github.com/cire-ly/block-storage-api/storage/nvmeof/nvmeof.go:36.34,38.3 1 0
github.com/cire-ly/block-storage-api/storage/nvmeof/nvmeof.go:39.2,46.15 4 0
github.com/cire-ly/block-storage-api/storage/nvmeof/nvmeof.go:49.76,52.35 3 0
github.com/cire-ly/block-storage-api/storage/nvmeof/nvmeof.go:52.35,54.3 1 0
github.com/cire-ly/block-storage-api/storage/nvmeof/nvmeof.go:55.2,56.12 2 0
github.com/cire-ly/block-storage-api/storage/nvmeof/nvmeof.go:59.83,63.30 4 0
github.com/cire-ly/block-storage-api/storage/nvmeof/nvmeof.go:63.30,66.3 2 0
github.com/cire-ly/block-storage-api/storage/nvmeof/nvmeof.go:67.2,67.17 1 0
github.com/cire-ly/block-storage-api/storage/nvmeof/nvmeof.go:70.92,74.9 4 0
github.com/cire-ly/block-storage-api/storage/nvmeof/nvmeof.go:74.9,76.3 1 0
github.com/cire-ly/block-storage-api/storage/nvmeof/nvmeof.go:77.2,78.17 2 0
github.com/cire-ly/block-storage-api/storage/nvmeof/nvmeof.go:81.83,83.2 1 0
github.com/cire-ly/block-storage-api/storage/nvmeof/nvmeof.go:85.73,87.2 1 0
github.com/cire-ly/block-storage-api/storage/nvmeof/nvmeof.go:89.62,89.76 1 0
github.com/cire-ly/block-storage-api/storage/nvmeof/nvmeof.go:90.62,90.81 1 0
github.com/cire-ly/block-storage-api/storage/nvmeof/nvmeof.go:91.62,91.86 1 0
github.com/cire-ly/block-storage-api/storage/nvmeof/nvmeof.go:92.62,92.76 1 0
github.com/cire-ly/block-storage-api/storage/mock/mock.go:35.43,40.2 1 1
github.com/cire-ly/block-storage-api/storage/mock/mock.go:43.105,44.17 1 1
github.com/cire-ly/block-storage-api/storage/mock/mock.go:44.17,46.3 1 1
github.com/cire-ly/block-storage-api/storage/mock/mock.go:48.2,51.42 3 1
github.com/cire-ly/block-storage-api/storage/mock/mock.go:51.42,53.3 1 1
github.com/cire-ly/block-storage-api/storage/mock/mock.go:55.2,66.63 3 1
github.com/cire-ly/block-storage-api/storage/mock/mock.go:66.63,68.3 1 0
github.com/cire-ly/block-storage-api/storage/mock/mock.go:69.2,69.62 1 1
github.com/cire-ly/block-storage-api/storage/mock/mock.go:69.62,71.3 1 0
github.com/cire-ly/block-storage-api/storage/mock/mock.go:73.2,74.27 2 1
github.com/cire-ly/block-storage-api/storage/mock/mock.go:78.74,83.9 4 1
github.com/cire-ly/block-storage-api/storage/mock/mock.go:83.9,85.3 1 1
github.com/cire-ly/block-storage-api/storage/mock/mock.go:87.2,87.63 1 1
github.com/cire-ly/block-storage-api/storage/mock/mock.go:87.63,89.3 1 1
github.com/cire-ly/block-storage-api/storage/mock/mock.go:90.2,90.64 1 1
github.com/cire-ly/block-storage-api/storage/mock/mock.go:90.64,92.3 1 0
github.com/cire-ly/block-storage-api/storage/mock/mock.go:94.2,95.12 2 1
github.com/cire-ly/block-storage-api/storage/mock/mock.go:98.81,103.30 4 1
github.com/cire-ly/block-storage-api/storage/mock/mock.go:103.30,105.3 1 1
github.com/cire-ly/block-storage-api/storage/mock/mock.go:106.2,106.17 1 1
github.com/cire-ly/block-storage-api/storage/mock/mock.go:109.90,114.9 4 1
github.com/cire-ly/block-storage-api/storage/mock/mock.go:114.9,116.3 1 1
github.com/cire-ly/block-storage-api/storage/mock/mock.go:117.2,117.27 1 1
github.com/cire-ly/block-storage-api/storage/mock/mock.go:121.89,126.9 4 1
github.com/cire-ly/block-storage-api/storage/mock/mock.go:126.9,128.3 1 0
github.com/cire-ly/block-storage-api/storage/mock/mock.go:130.2,130.63 1 1
github.com/cire-ly/block-storage-api/storage/mock/mock.go:130.63,132.3 1 0
github.com/cire-ly/block-storage-api/storage/mock/mock.go:133.2,134.65 2 1
github.com/cire-ly/block-storage-api/storage/mock/mock.go:134.65,136.3 1 0
github.com/cire-ly/block-storage-api/storage/mock/mock.go:137.2,137.12 1 1
github.com/cire-ly/block-storage-api/storage/mock/mock.go:141.74,146.9 4 1
github.com/cire-ly/block-storage-api/storage/mock/mock.go:146.9,148.3 1 0
github.com/cire-ly/block-storage-api/storage/mock/mock.go:150.2,150.63 1 1
github.com/cire-ly/block-storage-api/storage/mock/mock.go:150.63,152.3 1 0
github.com/cire-ly/block-storage-api/storage/mock/mock.go:153.2,154.65 2 1
github.com/cire-ly/block-storage-api/storage/mock/mock.go:154.65,156.3 1 0
github.com/cire-ly/block-storage-api/storage/mock/mock.go:157.2,157.12 1 1
github.com/cire-ly/block-storage-api/storage/mock/mock.go:160.60,160.74 1 1
github.com/cire-ly/block-storage-api/storage/mock/mock.go:161.60,161.77 1 0
github.com/cire-ly/block-storage-api/storage/mock/mock.go:162.60,162.84 1 1
github.com/cire-ly/block-storage-api/storage/mock/mock.go:163.60,163.74 1 0
github.com/cire-ly/block-storage-api/storage/mock/mock.go:166.73,167.46 1 1
github.com/cire-ly/block-storage-api/storage/mock/mock.go:167.46,169.3 1 1
github.com/cire-ly/block-storage-api/storage/mock/mock.go:170.2,171.16 2 1
github.com/cire-ly/block-storage-api/storage/mock/mock.go:171.16,173.3 1 0
github.com/cire-ly/block-storage-api/storage/mock/mock.go:174.2,176.12 3 1
github.com/cire-ly/block-storage-api/storage/mock/mock.go:179.52,182.2 2 1
