mode: atomic
github.com/cire-ly/block-storage-api/assertor/assertor.go:15.22,17.2 1 0
github.com/cire-ly/block-storage-api/assertor/assertor.go:20.50,21.11 1 0
github.com/cire-ly/block-storage-api/assertor/assertor.go:21.11,23.3 1 0
github.com/cire-ly/block-storage-api/assertor/assertor.go:27.37,28.22 1 0
github.com/cire-ly/block-storage-api/assertor/assertor.go:28.22,30.3 1 0
github.com/cire-ly/block-storage-api/assertor/assertor.go:31.2,31.47 1 0
github.com/cire-ly/block-storage-api/internal/db/migrate.go:13.46,15.16 2 0
github.com/cire-ly/block-storage-api/internal/db/migrate.go:15.16,17.3 1 0
github.com/cire-ly/block-storage-api/internal/db/migrate.go:18.2,20.71 2 0
github.com/cire-ly/block-storage-api/internal/db/migrate.go:20.71,22.3 1 0
github.com/cire-ly/block-storage-api/internal/db/migrate.go:23.2,23.12 1 0
github.com/cire-ly/block-storage-api/internal/db/postgres.go:11.78,13.16 2 0
github.com/cire-ly/block-storage-api/internal/db/postgres.go:13.16,15.3 1 0
github.com/cire-ly/block-storage-api/internal/db/postgres.go:16.2,16.39 1 0
github.com/cire-ly/block-storage-api/internal/db/postgres.go:16.39,19.3 2 0
github.com/cire-ly/block-storage-api/internal/db/postgres.go:20.2,20.18 1 0
github.com/cire-ly/block-storage-api/cmd/api/main.go:12.13,21.35 4 0
github.com/cire-ly/block-storage-api/cmd/api/main.go:21.35,23.3 1 0
github.com/cire-ly/block-storage-api/cmd/api/main.go:28.2,28.68 1 0
github.com/cire-ly/block-storage-api/cmd/api/main.go:28.68,30.3 1 0
github.com/cire-ly/block-storage-api/cmd/api/main.go:32.2,32.12 1 0
github.com/cire-ly/block-storage-api/cmd/api/main.go:32.12,34.42 1 0
github.com/cire-ly/block-storage-api/cmd/api/main.go:34.42,36.4 1 0
github.com/cire-ly/block-storage-api/cmd/api/main.go:39.2,44.9 2 0
github.com/cire-ly/block-storage-api/cmd/api/main.go:45.23,46.45 1 0
github.com/cire-ly/block-storage-api/cmd/api/main.go:47.29,48.46 1 0
github.com/cire-ly/block-storage-api/cmd/api/main.go:51.2,51.18 1 0
github.com/cire-ly/block-storage-api/cmd/api/setup.go:59.44,76.26 4 0
github.com/cire-ly/block-storage-api/cmd/api/setup.go:76.26,78.32 2 0
github.com/cire-ly/block-storage-api/cmd/api/setup.go:78.32,80.4 1 0
github.com/cire-ly/block-storage-api/cmd/api/setup.go:81.3,81.34 1 0
github.com/cire-ly/block-storage-api/cmd/api/setup.go:83.2,83.12 1 0
github.com/cire-ly/block-storage-api/cmd/api/setup.go:87.53,91.53 3 0
github.com/cire-ly/block-storage-api/cmd/api/setup.go:91.53,92.43 1 0
github.com/cire-ly/block-storage-api/cmd/api/setup.go:92.43,94.4 1 0
github.com/cire-ly/block-storage-api/cmd/api/setup.go:97.2,97.19 1 0
github.com/cire-ly/block-storage-api/cmd/api/setup.go:97.19,100.3 2 0
github.com/cire-ly/block-storage-api/cmd/api/setup.go:101.2,101.12 1 0
github.com/cire-ly/block-storage-api/cmd/api/setup.go:106.50,108.16 2 0
github.com/cire-ly/block-storage-api/cmd/api/setup.go:108.16,110.3 1 0
github.com/cire-ly/block-storage-api/cmd/api/setup.go:111.2,112.12 2 0
github.com/cire-ly/block-storage-api/cmd/api/setup.go:115.50,117.36 2 0
github.com/cire-ly/block-storage-api/cmd/api/setup.go:117.36,119.3 1 0
github.com/cire-ly/block-storage-api/cmd/api/setup.go:120.2,122.12 3 0
github.com/cire-ly/block-storage-api/cmd/api/setup.go:125.57,133.16 3 0
github.com/cire-ly/block-storage-api/cmd/api/setup.go:133.16,135.3 1 0
github.com/cire-ly/block-storage-api/cmd/api/setup.go:136.2,141.16 5 0
github.com/cire-ly/block-storage-api/cmd/api/setup.go:141.16,143.3 1 0
github.com/cire-ly/block-storage-api/cmd/api/setup.go:144.2,148.12 4 0
github.com/cire-ly/block-storage-api/cmd/api/setup.go:151.52,152.33 1 0
github.com/cire-ly/block-storage-api/cmd/api/setup.go:152.33,156.3 3 0
github.com/cire-ly/block-storage-api/cmd/api/setup.go:158.2,162.16 4 0
github.com/cire-ly/block-storage-api/cmd/api/setup.go:162.16,164.3 1 0
github.com/cire-ly/block-storage-api/cmd/api/setup.go:165.2,168.12 4 0
github.com/cire-ly/block-storage-api/cmd/api/setup.go:171.54,172.23 1 0
github.com/cire-ly/block-storage-api/cmd/api/setup.go:172.23,174.3 1 0
github.com/cire-ly/block-storage-api/cmd/api/setup.go:175.2,175.56 1 0
github.com/cire-ly/block-storage-api/cmd/api/setup.go:178.51,182.2 3 0
github.com/cire-ly/block-storage-api/cmd/api/setup.go:184.48,197.2 4 0
github.com/cire-ly/block-storage-api/cmd/api/setup.go:199.57,208.16 2 0
github.com/cire-ly/block-storage-api/cmd/api/setup.go:208.16,210.3 1 0
github.com/cire-ly/block-storage-api/cmd/api/setup.go:211.2,212.12 2 0
github.com/cire-ly/block-storage-api/cmd/api/setup.go:219.53,222.2 2 0
github.com/cire-ly/block-storage-api/cmd/api/setup.go:226.55,228.2 1 0
github.com/cire-ly/block-storage-api/docs/docs.go:505.13,507.2 1 0
github.com/cire-ly/block-storage-api/internal/observability/metrics.go:20.59,22.2 1 0
github.com/cire-ly/block-storage-api/internal/observability/metrics.go:25.88,29.16 2 0
github.com/cire-ly/block-storage-api/internal/observability/metrics.go:29.16,31.3 1 0
github.com/cire-ly/block-storage-api/internal/observability/metrics.go:33.2,34.16 2 0
github.com/cire-ly/block-storage-api/internal/observability/metrics.go:34.16,36.3 1 0
github.com/cire-ly/block-storage-api/internal/observability/metrics.go:38.2,44.32 3 0
github.com/cire-ly/block-storage-api/internal/observability/metrics.go:48.38,50.2 1 0
github.com/cire-ly/block-storage-api/internal/observability/tracing.go:22.60,24.2 1 0
github.com/cire-ly/block-storage-api/internal/observability/tracing.go:28.120,32.16 2 0
github.com/cire-ly/block-storage-api/internal/observability/tracing.go:32.16,34.3 1 0
github.com/cire-ly/block-storage-api/internal/observability/tracing.go:36.2,37.22 2 0
github.com/cire-ly/block-storage-api/internal/observability/tracing.go:38.16,43.17 2 0
github.com/cire-ly/block-storage-api/internal/observability/tracing.go:43.17,45.4 1 0
github.com/cire-ly/block-storage-api/internal/observability/tracing.go:46.10,48.17 2 0
github.com/cire-ly/block-storage-api/internal/observability/tracing.go:48.17,50.4 1 0
github.com/cire-ly/block-storage-api/internal/observability/tracing.go:53.2,64.33 4 0
github.com/cire-ly/block-storage-api/internal/observability/tracing.go:68.39,70.2 1 0
github.com/cire-ly/block-storage-api/config/config.go:29.30,31.16 2 5
github.com/cire-ly/block-storage-api/config/config.go:31.16,33.3 1 1
github.com/cire-ly/block-storage-api/config/config.go:35.2,48.39 2 4
github.com/cire-ly/block-storage-api/config/config.go:48.39,50.3 1 1
github.com/cire-ly/block-storage-api/config/config.go:52.2,52.17 1 3
github.com/cire-ly/block-storage-api/config/config.go:55.35,57.30 2 4
github.com/cire-ly/block-storage-api/config/config.go:57.30,59.3 1 1
github.com/cire-ly/block-storage-api/config/config.go:60.2,60.34 1 3
github.com/cire-ly/block-storage-api/config/config.go:60.34,62.3 1 0
github.com/cire-ly/block-storage-api/config/config.go:63.2,63.12 1 3
github.com/cire-ly/block-storage-api/config/config.go:66.44,67.34 1 41
github.com/cire-ly/block-storage-api/config/config.go:67.34,69.3 1 6
github.com/cire-ly/block-storage-api/config/config.go:70.2,70.19 1 35
github.com/cire-ly/block-storage-api/config/config.go:73.36,74.13 1 4
github.com/cire-ly/block-storage-api/config/config.go:74.13,76.3 1 3
github.com/cire-ly/block-storage-api/config/config.go:77.2,77.30 1 1
github.com/cire-ly/block-storage-api/storage/mock/mock.go:34.25,38.2 1 10
github.com/cire-ly/block-storage-api/storage/mock/mock.go:41.105,42.17 1 20
github.com/cire-ly/block-storage-api/storage/mock/mock.go:42.17,44.3 1 2
github.com/cire-ly/block-storage-api/storage/mock/mock.go:46.2,49.42 3 18
github.com/cire-ly/block-storage-api/storage/mock/mock.go:49.42,51.3 1 1
github.com/cire-ly/block-storage-api/storage/mock/mock.go:53.2,65.27 4 17
github.com/cire-ly/block-storage-api/storage/mock/mock.go:69.74,74.9 4 3
github.com/cire-ly/block-storage-api/storage/mock/mock.go:74.9,76.3 1 1
github.com/cire-ly/block-storage-api/storage/mock/mock.go:77.2,77.38 1 2
github.com/cire-ly/block-storage-api/storage/mock/mock.go:77.38,79.3 1 1
github.com/cire-ly/block-storage-api/storage/mock/mock.go:81.2,82.12 2 1
github.com/cire-ly/block-storage-api/storage/mock/mock.go:85.81,90.30 4 2
github.com/cire-ly/block-storage-api/storage/mock/mock.go:90.30,92.3 1 13
github.com/cire-ly/block-storage-api/storage/mock/mock.go:93.2,93.17 1 2
github.com/cire-ly/block-storage-api/storage/mock/mock.go:96.90,101.9 4 4
github.com/cire-ly/block-storage-api/storage/mock/mock.go:101.9,103.3 1 2
github.com/cire-ly/block-storage-api/storage/mock/mock.go:104.2,104.27 1 2
github.com/cire-ly/block-storage-api/storage/mock/mock.go:109.89,114.9 4 1
github.com/cire-ly/block-storage-api/storage/mock/mock.go:114.9,116.3 1 0
github.com/cire-ly/block-storage-api/storage/mock/mock.go:117.2,117.39 1 1
github.com/cire-ly/block-storage-api/storage/mock/mock.go:117.39,119.3 1 0
github.com/cire-ly/block-storage-api/storage/mock/mock.go:121.2,124.12 4 1
github.com/cire-ly/block-storage-api/storage/mock/mock.go:129.74,134.9 4 1
github.com/cire-ly/block-storage-api/storage/mock/mock.go:134.9,136.3 1 0
github.com/cire-ly/block-storage-api/storage/mock/mock.go:137.2,137.38 1 1
github.com/cire-ly/block-storage-api/storage/mock/mock.go:137.38,139.3 1 0
github.com/cire-ly/block-storage-api/storage/mock/mock.go:141.2,144.12 4 1
github.com/cire-ly/block-storage-api/storage/mock/mock.go:147.60,147.74 1 1
github.com/cire-ly/block-storage-api/storage/mock/mock.go:148.61,148.78 1 0
github.com/cire-ly/block-storage-api/storage/mock/mock.go:149.61,149.75 1 0
github.com/cire-ly/block-storage-api/storage/mock/mock.go:151.52,154.2 2 32
github.com/cire-ly/block-storage-api/transport/nvmeof/target.go:44.42,48.2 1 4
github.com/cire-ly/block-storage-api/transport/nvmeof/target.go:51.114,55.48 3 1
github.com/cire-ly/block-storage-api/transport/nvmeof/target.go:55.48,57.3 1 0
github.com/cire-ly/block-storage-api/transport/nvmeof/target.go:59.2,62.55 3 1
github.com/cire-ly/block-storage-api/transport/nvmeof/target.go:62.55,64.3 1 1
github.com/cire-ly/block-storage-api/transport/nvmeof/target.go:67.2,68.72 2 0
github.com/cire-ly/block-storage-api/transport/nvmeof/target.go:68.72,70.3 1 0
github.com/cire-ly/block-storage-api/transport/nvmeof/target.go:73.2,74.51 2 0
github.com/cire-ly/block-storage-api/transport/nvmeof/target.go:74.51,76.3 1 0
github.com/cire-ly/block-storage-api/transport/nvmeof/target.go:78.2,79.99 2 0
github.com/cire-ly/block-storage-api/transport/nvmeof/target.go:79.99,81.3 1 0
github.com/cire-ly/block-storage-api/transport/nvmeof/target.go:83.2,88.12 2 0
github.com/cire-ly/block-storage-api/transport/nvmeof/target.go:92.85,97.13 4 1
github.com/cire-ly/block-storage-api/transport/nvmeof/target.go:97.13,99.3 1 1
github.com/cire-ly/block-storage-api/transport/nvmeof/target.go:101.2,102.84 2 0
github.com/cire-ly/block-storage-api/transport/nvmeof/target.go:102.84,104.3 1 0
github.com/cire-ly/block-storage-api/transport/nvmeof/target.go:106.2,107.12 2 0
github.com/cire-ly/block-storage-api/transport/nvmeof/target.go:111.82,116.31 4 1
github.com/cire-ly/block-storage-api/transport/nvmeof/target.go:116.31,118.3 1 0
github.com/cire-ly/block-storage-api/transport/nvmeof/target.go:119.2,119.17 1 1
github.com/cire-ly/block-storage-api/transport/nvmeof/target.go:123.57,128.40 4 1
github.com/cire-ly/block-storage-api/transport/nvmeof/target.go:128.40,130.85 2 0
github.com/cire-ly/block-storage-api/transport/nvmeof/target.go:130.85,132.4 1 0
github.com/cire-ly/block-storage-api/transport/nvmeof/target.go:133.3,133.32 1 0
github.com/cire-ly/block-storage-api/transport/nvmeof/target.go:135.2,135.13 1 1
github.com/cire-ly/block-storage-api/transport/nvmeof/target.go:139.39,141.2 1 1
github.com/cire-ly/block-storage-api/transport/nvmeof/target.go:144.56,145.21 1 0
github.com/cire-ly/block-storage-api/transport/nvmeof/target.go:146.14,147.43 1 0
github.com/cire-ly/block-storage-api/transport/nvmeof/target.go:148.10,149.36 1 0
github.com/cire-ly/block-storage-api/volume/application.go:46.16,54.2 1 27
github.com/cire-ly/block-storage-api/volume/application.go:58.85,59.61 1 18
github.com/cire-ly/block-storage-api/volume/application.go:59.61,61.3 1 0
github.com/cire-ly/block-storage-api/volume/application.go:62.2,62.17 1 18
github.com/cire-ly/block-storage-api/volume/application.go:65.107,69.17 3 18
github.com/cire-ly/block-storage-api/volume/application.go:69.17,71.3 1 2
github.com/cire-ly/block-storage-api/volume/application.go:74.2,78.16 4 16
github.com/cire-ly/block-storage-api/volume/application.go:78.16,80.3 1 1
github.com/cire-ly/block-storage-api/volume/application.go:81.2,81.21 1 15
github.com/cire-ly/block-storage-api/volume/application.go:81.21,83.3 1 1
github.com/cire-ly/block-storage-api/volume/application.go:85.2,96.50 3 14
github.com/cire-ly/block-storage-api/volume/application.go:96.50,98.3 1 0
github.com/cire-ly/block-storage-api/volume/application.go:101.2,101.58 1 14
github.com/cire-ly/block-storage-api/volume/application.go:101.58,103.3 1 0
github.com/cire-ly/block-storage-api/volume/application.go:107.2,109.36 1 14
github.com/cire-ly/block-storage-api/volume/application.go:109.36,112.4 2 16
github.com/cire-ly/block-storage-api/volume/application.go:116.2,116.27 1 14
github.com/cire-ly/block-storage-api/volume/application.go:119.76,124.16 4 3
github.com/cire-ly/block-storage-api/volume/application.go:124.16,126.3 1 1
github.com/cire-ly/block-storage-api/volume/application.go:129.2,129.58 1 2
github.com/cire-ly/block-storage-api/volume/application.go:129.58,131.3 1 1
github.com/cire-ly/block-storage-api/volume/application.go:133.2,135.36 1 1
github.com/cire-ly/block-storage-api/volume/application.go:135.36,137.4 1 1
github.com/cire-ly/block-storage-api/volume/application.go:141.2,141.12 1 1
github.com/cire-ly/block-storage-api/volume/application.go:144.83,152.2 5 2
github.com/cire-ly/block-storage-api/volume/application.go:154.92,159.2 3 2
github.com/cire-ly/block-storage-api/volume/application.go:161.91,166.16 4 3
github.com/cire-ly/block-storage-api/volume/application.go:166.16,168.3 1 1
github.com/cire-ly/block-storage-api/volume/application.go:171.2,174.52 4 2
github.com/cire-ly/block-storage-api/volume/application.go:174.52,176.3 1 0
github.com/cire-ly/block-storage-api/volume/application.go:179.2,179.58 1 2
github.com/cire-ly/block-storage-api/volume/application.go:179.58,181.3 1 0
github.com/cire-ly/block-storage-api/volume/application.go:183.2,185.36 1 2
github.com/cire-ly/block-storage-api/volume/application.go:185.36,187.4 1 2
github.com/cire-ly/block-storage-api/volume/application.go:191.2,191.12 1 2
github.com/cire-ly/block-storage-api/volume/application.go:194.76,199.16 4 2
github.com/cire-ly/block-storage-api/volume/application.go:199.16,201.3 1 1
github.com/cire-ly/block-storage-api/volume/application.go:204.2,204.58 1 1
github.com/cire-ly/block-storage-api/volume/application.go:204.58,206.3 1 0
github.com/cire-ly/block-storage-api/volume/application.go:208.2,210.36 1 1
github.com/cire-ly/block-storage-api/volume/application.go:210.36,212.4 1 1
github.com/cire-ly/block-storage-api/volume/application.go:214.27,214.44 1 1
github.com/cire-ly/block-storage-api/volume/application.go:217.2,217.12 1 1
github.com/cire-ly/block-storage-api/volume/application.go:222.75,227.16 4 3
github.com/cire-ly/block-storage-api/volume/application.go:227.16,229.3 1 1
github.com/cire-ly/block-storage-api/volume/application.go:232.2,232.41 1 2
github.com/cire-ly/block-storage-api/volume/application.go:235.62,240.2 3 2
github.com/cire-ly/block-storage-api/volume/application.go:244.94,245.36 1 48
github.com/cire-ly/block-storage-api/volume/application.go:245.36,247.3 1 2
github.com/cire-ly/block-storage-api/volume/application.go:249.2,251.16 3 46
github.com/cire-ly/block-storage-api/volume/application.go:251.16,253.3 1 0
github.com/cire-ly/block-storage-api/volume/application.go:255.2,261.52 5 46
github.com/cire-ly/block-storage-api/volume/application.go:261.52,263.3 1 0
github.com/cire-ly/block-storage-api/volume/application.go:265.2,270.21 1 46
github.com/cire-ly/block-storage-api/volume/application.go:270.21,273.3 1 0
github.com/cire-ly/block-storage-api/volume/application.go:275.2,275.12 1 46
github.com/cire-ly/block-storage-api/volume/application.go:288.3,293.6 4 18
github.com/cire-ly/block-storage-api/volume/application.go:293.6,295.10 1 20
github.com/cire-ly/block-storage-api/volume/application.go:296.21,297.10 1 0
github.com/cire-ly/block-storage-api/volume/application.go:298.11,298.11 0 20
github.com/cire-ly/block-storage-api/volume/application.go:301.3,308.17 5 20
github.com/cire-ly/block-storage-api/volume/application.go:308.17,312.34 4 17
github.com/cire-ly/block-storage-api/volume/application.go:312.34,316.5 2 0
github.com/cire-ly/block-storage-api/volume/application.go:317.4,317.53 1 17
github.com/cire-ly/block-storage-api/volume/application.go:317.53,319.5 1 1
github.com/cire-ly/block-storage-api/volume/application.go:320.4,320.71 1 17
github.com/cire-ly/block-storage-api/volume/application.go:320.71,323.5 1 0
github.com/cire-ly/block-storage-api/volume/application.go:324.4,324.10 1 17
github.com/cire-ly/block-storage-api/volume/application.go:327.3,334.33 5 3
github.com/cire-ly/block-storage-api/volume/application.go:334.33,337.4 2 0
github.com/cire-ly/block-storage-api/volume/application.go:340.3,340.68 1 3
github.com/cire-ly/block-storage-api/volume/application.go:340.68,343.4 2 0
github.com/cire-ly/block-storage-api/volume/application.go:345.3,345.39 1 3
github.com/cire-ly/block-storage-api/volume/application.go:345.39,350.16 4 1
github.com/cire-ly/block-storage-api/volume/application.go:350.16,351.69 1 1
github.com/cire-ly/block-storage-api/volume/application.go:351.69,353.6 1 0
github.com/cire-ly/block-storage-api/volume/application.go:355.4,356.10 2 1
github.com/cire-ly/block-storage-api/volume/application.go:360.3,360.10 1 2
github.com/cire-ly/block-storage-api/volume/application.go:361.21,362.10 1 0
github.com/cire-ly/block-storage-api/volume/application.go:363.27,363.27 0 2
github.com/cire-ly/block-storage-api/volume/application.go:367.3,370.15 4 2
github.com/cire-ly/block-storage-api/volume/application.go:370.15,371.69 1 2
github.com/cire-ly/block-storage-api/volume/application.go:371.69,374.5 2 0
github.com/cire-ly/block-storage-api/volume/application.go:378.3,379.30 2 2
github.com/cire-ly/block-storage-api/volume/application.go:379.30,381.4 1 0
github.com/cire-ly/block-storage-api/volume/application.go:386.97,391.16 4 13
github.com/cire-ly/block-storage-api/volume/application.go:391.16,393.3 1 0
github.com/cire-ly/block-storage-api/volume/application.go:394.2,394.14 1 13
github.com/cire-ly/block-storage-api/volume/application.go:394.14,396.3 1 5
github.com/cire-ly/block-storage-api/volume/application.go:397.2,397.15 1 8
github.com/cire-ly/block-storage-api/volume/application.go:400.52,403.2 2 14
github.com/cire-ly/block-storage-api/volume/application.go:409.53,409.80 1 0
github.com/cire-ly/block-storage-api/volume/application.go:410.53,410.79 1 0
github.com/cire-ly/block-storage-api/volume/application.go:411.53,411.79 1 0
github.com/cire-ly/block-storage-api/volume/application.go:412.53,412.80 1 0
github.com/cire-ly/block-storage-api/volume/controller_http.go:62.19,64.37 2 27
github.com/cire-ly/block-storage-api/volume/controller_http.go:64.37,66.3 1 5
github.com/cire-ly/block-storage-api/volume/controller_http.go:68.2,75.18 2 27
github.com/cire-ly/block-storage-api/volume/controller_http.go:75.18,80.17 3 1
github.com/cire-ly/block-storage-api/volume/controller_http.go:80.17,82.4 1 0
github.com/cire-ly/block-storage-api/volume/controller_http.go:85.2,85.10 1 27
github.com/cire-ly/block-storage-api/volume/controller_http.go:89.55,90.45 1 27
github.com/cire-ly/block-storage-api/volume/controller_http.go:90.45,92.3 1 27
github.com/cire-ly/block-storage-api/volume/controller_http.go:93.2,102.40 5 27
github.com/cire-ly/block-storage-api/volume/controller_http.go:102.40,110.3 7 27
github.com/cire-ly/block-storage-api/volume/controller_http.go:164.52,175.2 1 7
github.com/cire-ly/block-storage-api/volume/controller_http.go:177.58,181.2 3 21
github.com/cire-ly/block-storage-api/volume/controller_http.go:183.62,185.2 1 13
github.com/cire-ly/block-storage-api/volume/controller_http.go:187.67,188.22 1 20
github.com/cire-ly/block-storage-api/volume/controller_http.go:188.22,190.3 1 0
github.com/cire-ly/block-storage-api/volume/controller_http.go:194.33,195.9 1 8
github.com/cire-ly/block-storage-api/volume/controller_http.go:196.41,197.29 1 4
github.com/cire-ly/block-storage-api/volume/controller_http.go:198.39,199.29 1 1
github.com/cire-ly/block-storage-api/volume/controller_http.go:200.44,201.29 1 3
github.com/cire-ly/block-storage-api/volume/controller_http.go:202.38,203.31 1 0
github.com/cire-ly/block-storage-api/volume/controller_http.go:204.10,205.40 1 0
github.com/cire-ly/block-storage-api/volume/controller_http.go:224.79,230.61 5 5
github.com/cire-ly/block-storage-api/volume/controller_http.go:230.61,233.3 2 1
github.com/cire-ly/block-storage-api/volume/controller_http.go:234.2,234.20 1 4
github.com/cire-ly/block-storage-api/volume/controller_http.go:234.20,237.3 2 1
github.com/cire-ly/block-storage-api/volume/controller_http.go:238.2,238.21 1 3
github.com/cire-ly/block-storage-api/volume/controller_http.go:238.21,241.3 2 1
github.com/cire-ly/block-storage-api/volume/controller_http.go:243.2,244.16 2 2
github.com/cire-ly/block-storage-api/volume/controller_http.go:244.16,247.3 2 1
github.com/cire-ly/block-storage-api/volume/controller_http.go:249.2,249.51 1 1
github.com/cire-ly/block-storage-api/volume/controller_http.go:261.78,267.16 5 1
github.com/cire-ly/block-storage-api/volume/controller_http.go:267.16,270.3 2 0
github.com/cire-ly/block-storage-api/volume/controller_http.go:272.2,273.28 2 1
github.com/cire-ly/block-storage-api/volume/controller_http.go:273.28,275.3 1 2
github.com/cire-ly/block-storage-api/volume/controller_http.go:276.2,276.35 1 1
github.com/cire-ly/block-storage-api/volume/controller_http.go:290.76,297.16 6 2
github.com/cire-ly/block-storage-api/volume/controller_http.go:297.16,300.3 2 1
github.com/cire-ly/block-storage-api/volume/controller_http.go:302.2,302.46 1 1
github.com/cire-ly/block-storage-api/volume/controller_http.go:320.79,328.61 6 4
github.com/cire-ly/block-storage-api/volume/controller_http.go:328.61,331.3 2 1
github.com/cire-ly/block-storage-api/volume/controller_http.go:332.2,332.22 1 3
github.com/cire-ly/block-storage-api/volume/controller_http.go:332.22,335.3 2 1
github.com/cire-ly/block-storage-api/volume/controller_http.go:337.2,337.66 1 2
github.com/cire-ly/block-storage-api/volume/controller_http.go:337.66,340.3 2 1
github.com/cire-ly/block-storage-api/volume/controller_http.go:342.2,343.16 2 1
github.com/cire-ly/block-storage-api/volume/controller_http.go:343.16,346.3 2 0
github.com/cire-ly/block-storage-api/volume/controller_http.go:348.2,348.52 1 1
github.com/cire-ly/block-storage-api/volume/controller_http.go:363.79,370.54 5 2
github.com/cire-ly/block-storage-api/volume/controller_http.go:370.54,373.3 2 1
github.com/cire-ly/block-storage-api/volume/controller_http.go:375.2,376.16 2 1
github.com/cire-ly/block-storage-api/volume/controller_http.go:376.16,379.3 2 0
github.com/cire-ly/block-storage-api/volume/controller_http.go:381.2,381.52 1 1
github.com/cire-ly/block-storage-api/volume/controller_http.go:396.79,403.54 5 3
github.com/cire-ly/block-storage-api/volume/controller_http.go:403.54,406.3 2 2
github.com/cire-ly/block-storage-api/volume/controller_http.go:408.2,408.36 1 1
github.com/cire-ly/block-storage-api/volume/controller_http.go:424.78,431.53 5 3
github.com/cire-ly/block-storage-api/volume/controller_http.go:431.53,434.3 2 2
github.com/cire-ly/block-storage-api/volume/controller_http.go:436.2,437.16 2 1
github.com/cire-ly/block-storage-api/volume/controller_http.go:437.16,440.3 2 0
github.com/cire-ly/block-storage-api/volume/controller_http.go:442.2,442.46 1 1
github.com/cire-ly/block-storage-api/volume/controller_http.go:454.74,461.47 5 2
github.com/cire-ly/block-storage-api/volume/controller_http.go:461.47,464.3 2 1
github.com/cire-ly/block-storage-api/volume/controller_http.go:466.2,470.4 1 2
github.com/cire-ly/block-storage-api/volume/controller_http.go:479.74,481.2 1 22
github.com/cire-ly/block-storage-api/volume/controller_http.go:487.72,488.71 1 27
github.com/cire-ly/block-storage-api/volume/controller_http.go:488.71,493.24 4 22
github.com/cire-ly/block-storage-api/volume/controller_http.go:493.24,495.4 1 0
github.com/cire-ly/block-storage-api/volume/controller_http.go:500.3,501.44 2 22
github.com/cire-ly/block-storage-api/volume/controller_http.go:501.44,503.4 1 0
github.com/cire-ly/block-storage-api/volume/controller_http.go:505.3,517.4 5 22
github.com/cire-ly/block-storage-api/volume/controller_http.go:522.68,523.71 1 27
github.com/cire-ly/block-storage-api/volume/controller_http.go:523.71,524.16 1 22
github.com/cire-ly/block-storage-api/volume/controller_http.go:524.16,525.36 1 22
github.com/cire-ly/block-storage-api/volume/controller_http.go:525.36,531.5 2 0
github.com/cire-ly/block-storage-api/volume/controller_http.go:533.3,533.23 1 22
github.com/cire-ly/block-storage-api/volume/controller_http.go:543.49,546.2 2 22
github.com/cire-ly/block-storage-api/volume/factory.go:32.78,39.37 7 10
github.com/cire-ly/block-storage-api/volume/factory.go:39.37,41.3 1 5
github.com/cire-ly/block-storage-api/volume/factory.go:43.2,53.18 6 5
github.com/cire-ly/block-storage-api/volume/factory.go:57.59,59.2 1 1
github.com/cire-ly/block-storage-api/volume/factory.go:62.58,63.43 1 1
github.com/cire-ly/block-storage-api/volume/factory.go:63.43,64.49 1 0
github.com/cire-ly/block-storage-api/volume/factory.go:64.49,66.4 1 0
github.com/cire-ly/block-storage-api/volume/factory.go:68.2,68.12 1 1
github.com/cire-ly/block-storage-api/volume/factory.go:74.65,81.16 3 8
github.com/cire-ly/block-storage-api/volume/factory.go:81.16,84.3 2 0
github.com/cire-ly/block-storage-api/volume/factory.go:86.2,86.28 1 8
github.com/cire-ly/block-storage-api/volume/factory.go:86.28,91.39 3 3
github.com/cire-ly/block-storage-api/volume/factory.go:91.39,96.12 3 2
github.com/cire-ly/block-storage-api/volume/factory.go:100.3,103.19 3 1
github.com/cire-ly/block-storage-api/volume/factory.go:103.19,104.12 1 0
github.com/cire-ly/block-storage-api/volume/factory.go:106.3,114.5 4 1
github.com/cire-ly/block-storage-api/volume/factory.go:120.90,122.14 2 2
github.com/cire-ly/block-storage-api/volume/factory.go:122.14,124.3 1 0
github.com/cire-ly/block-storage-api/volume/factory.go:127.2,127.40 1 2
github.com/cire-ly/block-storage-api/volume/factory.go:127.40,130.15 3 2
github.com/cire-ly/block-storage-api/volume/factory.go:130.15,132.4 1 0
github.com/cire-ly/block-storage-api/volume/factory.go:136.2,136.39 1 2
github.com/cire-ly/block-storage-api/volume/factory.go:136.39,138.3 1 2
github.com/cire-ly/block-storage-api/volume/fsm.go:55.39,62.2 1 28
github.com/cire-ly/block-storage-api/volume/fsm.go:76.49,113.2 1 150
github.com/cire-ly/block-storage-api/volume/fsm.go:116.53,118.2 1 82
github.com/cire-ly/block-storage-api/volume/fsm.go:121.82,123.44 2 68
github.com/cire-ly/block-storage-api/volume/fsm.go:123.44,125.3 1 1
github.com/cire-ly/block-storage-api/volume/fsm.go:126.2,126.25 1 67
github.com/cire-ly/block-storage-api/volume/repository/inmemory.go:21.50,25.2 1 10
github.com/cire-ly/block-storage-api/volume/repository/inmemory.go:27.85,30.44 3 14
github.com/cire-ly/block-storage-api/volume/repository/inmemory.go:30.44,32.3 1 1
github.com/cire-ly/block-storage-api/volume/repository/inmemory.go:33.2,35.12 3 13
github.com/cire-ly/block-storage-api/volume/repository/inmemory.go:38.87,41.45 3 2
github.com/cire-ly/block-storage-api/volume/repository/inmemory.go:41.45,43.3 1 1
github.com/cire-ly/block-storage-api/volume/repository/inmemory.go:44.2,46.12 3 1
github.com/cire-ly/block-storage-api/volume/repository/inmemory.go:50.98,54.9 4 5
github.com/cire-ly/block-storage-api/volume/repository/inmemory.go:54.9,56.3 1 1
github.com/cire-ly/block-storage-api/volume/repository/inmemory.go:57.2,58.17 2 4
github.com/cire-ly/block-storage-api/volume/repository/inmemory.go:61.88,65.30 4 1
github.com/cire-ly/block-storage-api/volume/repository/inmemory.go:65.30,68.3 2 3
github.com/cire-ly/block-storage-api/volume/repository/inmemory.go:69.2,69.17 1 1
github.com/cire-ly/block-storage-api/volume/repository/inmemory.go:72.113,76.27 4 2
github.com/cire-ly/block-storage-api/volume/repository/inmemory.go:76.27,78.3 1 3
github.com/cire-ly/block-storage-api/volume/repository/inmemory.go:79.2,80.30 2 2
github.com/cire-ly/block-storage-api/volume/repository/inmemory.go:80.30,81.20 1 6
github.com/cire-ly/block-storage-api/volume/repository/inmemory.go:81.20,84.4 2 4
github.com/cire-ly/block-storage-api/volume/repository/inmemory.go:86.2,86.17 1 2
github.com/cire-ly/block-storage-api/volume/repository/inmemory.go:89.87,94.2 4 1
github.com/cire-ly/block-storage-api/volume/repository/postgres.go:26.68,28.2 1 0
github.com/cire-ly/block-storage-api/volume/repository/postgres.go:30.87,35.16 2 0
github.com/cire-ly/block-storage-api/volume/repository/postgres.go:35.16,37.3 1 0
github.com/cire-ly/block-storage-api/volume/repository/postgres.go:38.2,38.12 1 0
github.com/cire-ly/block-storage-api/volume/repository/postgres.go:41.89,46.16 3 0
github.com/cire-ly/block-storage-api/volume/repository/postgres.go:46.16,48.3 1 0
github.com/cire-ly/block-storage-api/volume/repository/postgres.go:49.2,49.12 1 0
github.com/cire-ly/block-storage-api/volume/repository/postgres.go:53.100,60.16 4 0
github.com/cire-ly/block-storage-api/volume/repository/postgres.go:60.16,61.36 1 0
github.com/cire-ly/block-storage-api/volume/repository/postgres.go:61.36,63.4 1 0
github.com/cire-ly/block-storage-api/volume/repository/postgres.go:64.3,64.49 1 0
github.com/cire-ly/block-storage-api/volume/repository/postgres.go:66.2,67.15 2 0
github.com/cire-ly/block-storage-api/volume/repository/postgres.go:70.90,75.16 2 0
github.com/cire-ly/block-storage-api/volume/repository/postgres.go:75.16,77.3 1 0
github.com/cire-ly/block-storage-api/volume/repository/postgres.go:78.2,80.26 2 0
github.com/cire-ly/block-storage-api/volume/repository/postgres.go:83.115,88.16 2 0
github.com/cire-ly/block-storage-api/volume/repository/postgres.go:88.16,90.3 1 0
github.com/cire-ly/block-storage-api/volume/repository/postgres.go:91.2,93.26 2 0
github.com/cire-ly/block-storage-api/volume/repository/postgres.go:96.89,101.16 2 0
github.com/cire-ly/block-storage-api/volume/repository/postgres.go:101.16,103.3 1 0
github.com/cire-ly/block-storage-api/volume/repository/postgres.go:104.2,104.12 1 0
github.com/cire-ly/block-storage-api/volume/repository/postgres.go:108.60,110.18 2 0
github.com/cire-ly/block-storage-api/volume/repository/postgres.go:110.18,116.17 3 0
github.com/cire-ly/block-storage-api/volume/repository/postgres.go:116.17,118.4 1 0
github.com/cire-ly/block-storage-api/volume/repository/postgres.go:119.3,120.31 2 0
github.com/cire-ly/block-storage-api/volume/repository/postgres.go:122.2,122.28 1 0
